<?xml version="1.0" encoding="UTF-8"?>
<!-- Generated by org.testng.reporters.JUnitReportReporter -->
<testsuite hostname="DESKTOP-CTAH85S" failures="0" tests="1" name="testCases.TC001_GET" time="2.824" errors="0" timestamp="20 Oct 2022 06:59:40 GMT" skipped="0">
  <testcase classname="testCases.TC001_GET" name="getWeatherDetails" time="2.824"/>
</testsuite> <!-- testCases.TC001_GET -->
